0 silly argv {
0 silly argv   _: [ 'run' ],
0 silly argv   scope: 'core-admin',
0 silly argv   lernaVersion: '3.22.1',
0 silly argv   '$0': 'node_modules/.bin/lerna',
0 silly argv   script: 'dev'
0 silly argv }
1 notice cli v3.22.1
2 verbose rootPath /home/ivjose/Development/next/core-project-haplos
3 notice filter including "core-admin"
4 info filter [ 'core-admin' ]
5 error TypeError: Cannot read property 'split' of undefined
5 error     at Minimatch.match (/home/ivjose/Development/next/core-project-haplos/node_modules/minimatch/minimatch.js:717:9)
5 error     at /home/ivjose/Development/next/core-project-haplos/node_modules/minimatch/minimatch.js:691:15
5 error     at Array.filter (<anonymous>)
5 error     at Function.minimatch.match (/home/ivjose/Development/next/core-project-haplos/node_modules/minimatch/minimatch.js:690:15)
5 error     at /home/ivjose/Development/next/core-project-haplos/node_modules/multimatch/index.js:23:33
5 error     at Array.reduce (<anonymous>)
5 error     at module.exports (/home/ivjose/Development/next/core-project-haplos/node_modules/multimatch/index.js:15:18)
5 error     at filterPackages (/home/ivjose/Development/next/core-project-haplos/node_modules/@lerna/filter-packages/filter-packages.js:45:28)
